make all --print-data-base --no-builtin-variables --no-builtin-rules --question
# GNU Make 4.1
# Built for x86_64-pc-linux-gnu
# Copyright (C) 1988-2014 Free Software Foundation, Inc.
# License GPLv3+: GNU GPL version 3 or later <http://gnu.org/licenses/gpl.html>
# This is free software: you are free to change and redistribute it.
# There is NO WARRANTY, to the extent permitted by law.

# Make data base, printed on Sun Aug 14 20:53:49 2022

# Variables

# automatic
<D = $(patsubst %/,%,$(dir $<))
# automatic
?F = $(notdir $?)
# default
.SHELLFLAGS := -c
# environment
VSCODE_AGENT_FOLDER = /home/mdl/.vscode-server
# automatic
?D = $(patsubst %/,%,$(dir $?))
# automatic
@D = $(patsubst %/,%,$(dir $@))
# automatic
@F = $(notdir $@)
# default
MAKE_VERSION := 4.1
# makefile
CURDIR := /home/mdl/project/XT-WebServer
# makefile
SHELL = /bin/sh
# environment
VSCODE_NLS_CONFIG = {"locale":"zh-cn","availableLanguages":{"*":"zh-cn"},"_languagePackId":"08bdb29c43b4c03defdaaecc51ad48b6.zh-cn","_translationsConfigFile":"/home/mdl/.vscode-server/data/clp/08bdb29c43b4c03defdaaecc51ad48b6.zh-cn/tcf.json","_cacheRoot":"/home/mdl/.vscode-server/data/clp/08bdb29c43b4c03defdaaecc51ad48b6.zh-cn","_resolvedLanguagePackCoreLocation":"/home/mdl/.vscode-server/data/clp/08bdb29c43b4c03defdaaecc51ad48b6.zh-cn/6d9b74a70ca9c7733b29f0456fd8195364076dda","_corruptedFile":"/home/mdl/.vscode-server/data/clp/08bdb29c43b4c03defdaaecc51ad48b6.zh-cn/corrupted.info","_languagePackSupport":true}
# environment
_ = /home/mdl/.vscode-server/bin/6d9b74a70ca9c7733b29f0456fd8195364076dda/node
# makefile (from 'makefile', line 1)
MAKEFILE_LIST :=  makefile
# makefile (from 'makefile', line 3)
DEBUG = 1
# 'override' directive
GNUMAKEFLAGS := 
# makefile (from 'makefile', line 5)
CXXFLAGS = -g
# environment
XDG_DATA_DIRS = /usr/local/share:/usr/share:/var/lib/snapd/desktop
# environment
LESSOPEN = | /usr/bin/lesspipe %s
# environment
VSCODE_CWD = /home/mdl
# environment
SSH_CONNECTION = 172.22.2.27 58463 172.17.27.158 22
# environment
PATH = /home/mdl/.vscode-server/bin/6d9b74a70ca9c7733b29f0456fd8195364076dda/bin/remote-cli:/home/mdl/bin:/home/mdl/.local/bin:/home/mdl/cuda/bin:/home/mdl/anaconda3/condabin:/usr/local/sbin:/usr/local/bin:/usr/sbin:/usr/bin:/sbin:/bin:/usr/games:/usr/local/games:/snap/bin
# environment
XDG_RUNTIME_DIR = /run/user/1017
# environment
ELECTRON_RUN_AS_NODE = 1
# default
.FEATURES := target-specific order-only second-expansion else-if shortest-stem undefine oneshell archives jobserver output-sync check-symlink load
# environment
LS_COLORS = 
# automatic
%F = $(notdir $%)
# environment
CONDA_EXE = /home/mdl/anaconda3/bin/conda
# environment
PWD = /home/mdl/project/XT-WebServer
# environment
QT_QPA_PLATFORMTHEME = appmenu-qt5
# environment
VSCODE_IPC_HOOK_CLI = /run/user/1017/vscode-ipc-c321e71e-ce0a-48bc-8f29-d2af831df456.sock
# automatic
*D = $(patsubst %/,%,$(dir $*))
# environment
GTK_MODULES = gail:atk-bridge
# environment
VSCODE_AMD_ENTRYPOINT = vs/workbench/api/node/extensionHostProcess
# environment
HOME = /home/mdl
# environment
LD_LIBRARY_PATH = :/home/mdl/cuda/lib64/
# environment
LESSCLOSE = /usr/bin/lesspipe %s %s
# environment
LOGNAME = mdl
# environment
APPLICATION_INSIGHTS_NO_DIAGNOSTIC_CHANNEL = true
# automatic
+F = $(notdir $+)
# environment
VSCODE_HANDLES_UNCAUGHT_ERRORS = true
# automatic
^D = $(patsubst %/,%,$(dir $^))
# environment
MAKELEVEL := 0
# default
MAKE = $(MAKE_COMMAND)
# default
MAKECMDGOALS := all
# environment
SHLVL = 3
# environment
XDG_SESSION_ID = 2607
# environment
USER = mdl
# makefile
.DEFAULT_GOAL := server
# automatic
%D = $(patsubst %/,%,$(dir $%))
# environment
CONDA_SHLVL = 0
# default
MAKE_COMMAND := make
# default
.VARIABLES := 
# automatic
*F = $(notdir $*)
# environment
LANGUAGE = en_US:en
# makefile
MAKEFLAGS = pqrR
# environment
MFLAGS = -pqrR
# environment
SSH_CLIENT = 172.22.2.27 58463 22
# environment
MAIL = /var/mail/mdl
# automatic
+D = $(patsubst %/,%,$(dir $+))
# environment
BROWSER = /home/mdl/.vscode-server/bin/6d9b74a70ca9c7733b29f0456fd8195364076dda/bin/helpers/browser.sh
# environment
VSCODE_HANDLES_SIGPIPE = true
# default
MAKEFILES := 
# automatic
<F = $(notdir $<)
# makefile (from 'makefile', line 1)
CXX = g++
# environment
LC_ALL = C
# environment
CONDA_PYTHON_EXE = /home/mdl/anaconda3/bin/python
# automatic
^F = $(notdir $^)
# default
SUFFIXES := 
# environment
_CE_M = 
# default
.INCLUDE_DIRS = /usr/include /usr/local/include /usr/include
# default
.RECIPEPREFIX := 
# default
MAKE_HOST := x86_64-pc-linux-gnu
# environment
LANG = C
# environment
_CE_CONDA = 
# variable set hash-table stats:
# Load=74/1024=7%, Rehash=0, Collisions=7/103=7%

# Pattern-specific Variable Values

# No pattern-specific variable values.

# Directories

# . (device 2065, inode 143114679): 17 files, no impossibilities.

# 17 files, no impossibilities in 1 directories.

# Implicit Rules

# No implicit rules.

# Files

# Not a target:
all:
#  Command line target.
#  Implicit rule search has been done.
#  File does not exist.
#  File has not been updated.

# Not a target:
http/http_conn.cpp:
#  Implicit rule search has not been done.
#  Modification time never checked.
#  File has not been updated.

server: main.cpp timer/lst_timer.cpp http/http_conn.cpp log/log.cpp CGImysql/sql_connection_pool.cpp webserver.cpp config.cpp
#  Implicit rule search has not been done.
#  Modification time never checked.
#  File has not been updated.
#  recipe to execute (from 'makefile', line 12):
	$(CXX) -o server  $^ $(CXXFLAGS) -lpthread -lmysqlclient

# Not a target:
makefile:
#  Implicit rule search has been done.
#  Last modified 2022-08-14 20:26:02.893724341
#  File has been updated.
#  Successfully updated.

# Not a target:
main.cpp:
#  Implicit rule search has not been done.
#  Modification time never checked.
#  File has not been updated.

# Not a target:
timer/lst_timer.cpp:
#  Implicit rule search has not been done.
#  Modification time never checked.
#  File has not been updated.

# Not a target:
CGImysql/sql_connection_pool.cpp:
#  Implicit rule search has not been done.
#  Modification time never checked.
#  File has not been updated.

# Not a target:
log/log.cpp:
#  Implicit rule search has not been done.
#  Modification time never checked.
#  File has not been updated.

# Not a target:
.DEFAULT:
#  Implicit rule search has not been done.
#  Modification time never checked.
#  File has not been updated.

# Not a target:
config.cpp:
#  Implicit rule search has not been done.
#  Modification time never checked.
#  File has not been updated.

clean:
#  Implicit rule search has not been done.
#  Modification time never checked.
#  File has not been updated.
#  recipe to execute (from 'makefile', line 15):
	rm  -r server

# Not a target:
webserver.cpp:
#  Implicit rule search has not been done.
#  Modification time never checked.
#  File has not been updated.

# files hash-table stats:
# Load=13/1024=1%, Rehash=0, Collisions=0/30=0%
# VPATH Search Paths

# No 'vpath' search paths.

# No general ('VPATH' variable) search path.

# strcache buffers: 1 (0) / strings = 27 / storage = 278 B / avg = 10 B
# current buf: size = 8162 B / used = 278 B / count = 27 / avg = 10 B

# strcache performance: lookups = 37 / hit rate = 27%
# hash-table stats:
# Load=27/8192=0%, Rehash=0, Collisions=1/37=3%
# Finished Make data base on Sun Aug 14 20:53:49 2022

 
make: *** No rule to make target 'all'.  Stop.

